<?xml version="1.0" encoding="UTF-8"?>
<!-- Generated by org.testng.reporters.JUnitXMLReporter -->
<testsuite ignored="0" hostname="VDSLDC00876" failures="0" tests="20" name="Default test" time="27.946" errors="0" timestamp="2024-10-02T07:40:12 EDT">
  <testcase classname="SignIn_Flow_Automation.DataDrivernFromExcel" name="PrintExcelData" time="0.011"/>
  <testcase classname="SignIn_Flow_Automation.DataDrivernFromExcel" name="PrintExcelData" time="0.001"/>
  <testcase classname="SignIn_Flow_Automation.DataDrivernFromExcel" name="PrintExcelData" time="0.002"/>
  <testcase classname="SignIn_Flow_Automation.DataDrivernFromExcel" name="PrintExcelData" time="0.001"/>
  <testcase classname="SignIn_Flow_Automation.DataDrivernFromExcel" name="PrintExcelData" time="0.002"/>
  <testcase classname="SignIn_Flow_Automation.DataDrivernFromExcel" name="PrintExcelData" time="0.001"/>
  <testcase classname="SignIn_Flow_Automation.DataDrivernFromExcel" name="PrintExcelData" time="0.002"/>
  <testcase classname="SignIn_Flow_Automation.DataDrivernFromExcel" name="PrintExcelData" time="0.001"/>
  <testcase classname="SignIn_Flow_Automation.DataDrivernFromExcel" name="PrintExcelData" time="0.001"/>
  <testcase classname="SignIn_Flow_Automation.DataDrivernFromExcel" name="PrintExcelData" time="0.001"/>
  <testcase classname="SignIn_Flow_Automation.DataDrivernFromExcel" name="PrintExcelData" time="0.001"/>
  <testcase classname="SignIn_Flow_Automation.DataDrivernFromExcel" name="PrintExcelData" time="0.001"/>
  <testcase classname="SignIn_Flow_Automation.DataDrivernFromExcel" name="PrintExcelData" time="0.001"/>
  <testcase classname="SignIn_Flow_Automation.DataDrivernFromExcel" name="PrintExcelData" time="0.001"/>
  <testcase classname="SignIn_Flow_Automation.DataDrivernFromExcel" name="PrintExcelData" time="0.001"/>
  <testcase classname="SignIn_Flow_Automation.DataDrivernFromExcel" name="PrintExcelData" time="0.001"/>
  <testcase classname="SignIn_Flow_Automation.DataDrivernFromExcel" name="PrintExcelData" time="0.001"/>
  <testcase classname="SignIn_Flow_Automation.DataDrivernFromExcel" name="PrintExcelData" time="0.0"/>
  <testcase classname="SignIn_Flow_Automation.DataDrivernFromExcel" name="PrintExcelData" time="0.001"/>
  <testcase classname="SignIn_Flow_Automation.DataDrivernFromExcel" name="PrintExcelData" time="0.001"/>
</testsuite> <!-- Default test -->
