<?xml version="1.0" encoding="UTF-8"?>
<!-- Generated by org.testng.reporters.JUnitXMLReporter -->
<testsuite ignored="2" hostname="VDSLDC00876" failures="0" tests="22" name="Test1" time="91.998" errors="0" timestamp="2024-10-03T13:09:40 EDT">
  <testcase classname="SignIn_Flow_Automation.DataDrivernFromExcel" name="PrintExcelData" time="0.009"/>
  <testcase classname="SignIn_Flow_Automation.DataDrivernFromExcel" name="PrintExcelData" time="0.001"/>
  <testcase classname="SignIn_Flow_Automation.DataDrivernFromExcel" name="PrintExcelData" time="0.002"/>
  <testcase classname="SignIn_Flow_Automation.DataDrivernFromExcel" name="PrintExcelData" time="0.002"/>
  <testcase classname="SignIn_Flow_Automation.DataDrivernFromExcel" name="PrintExcelData" time="0.002"/>
  <testcase classname="SignIn_Flow_Automation.DataDrivernFromExcel" name="PrintExcelData" time="0.001"/>
  <testcase classname="SignIn_Flow_Automation.DataDrivernFromExcel" name="PrintExcelData" time="0.002"/>
  <testcase classname="SignIn_Flow_Automation.DataDrivernFromExcel" name="PrintExcelData" time="0.002"/>
  <testcase classname="SignIn_Flow_Automation.DataDrivernFromExcel" name="PrintExcelData" time="0.001"/>
  <testcase classname="SignIn_Flow_Automation.DataDrivernFromExcel" name="PrintExcelData" time="0.002"/>
  <testcase classname="SignIn_Flow_Automation.DataDrivernFromExcel" name="PrintExcelData" time="0.002"/>
  <testcase classname="SignIn_Flow_Automation.DataDrivernFromExcel" name="PrintExcelData" time="0.002"/>
  <testcase classname="SignIn_Flow_Automation.DataDrivernFromExcel" name="PrintExcelData" time="0.002"/>
  <testcase classname="SignIn_Flow_Automation.DataDrivernFromExcel" name="PrintExcelData" time="0.002"/>
  <testcase classname="SignIn_Flow_Automation.DataDrivernFromExcel" name="PrintExcelData" time="0.001"/>
  <testcase classname="SignIn_Flow_Automation.DataDrivernFromExcel" name="PrintExcelData" time="0.002"/>
  <testcase classname="SignIn_Flow_Automation.DataDrivernFromExcel" name="PrintExcelData" time="0.001"/>
  <testcase classname="SignIn_Flow_Automation.DataDrivernFromExcel" name="PrintExcelData" time="0.001"/>
  <testcase classname="SignIn_Flow_Automation.DataDrivernFromExcel" name="PrintExcelData" time="0.001"/>
  <testcase classname="SignIn_Flow_Automation.DataDrivernFromExcel" name="PrintExcelData" time="0.001"/>
  <testcase classname="SignIn_Flow_Automation.SAI_NAC_Flow" name="ShopInternet" time="28.892"/>
  <testcase classname="SignIn_Flow_Automation.SAI_NAC_Flow" name="Serviceability" time="8.892"/>
  <testcase classname="webPages.BaseClass" name="@AfterSuite ReportFlush" time="0.0">
    <ignored/>
  </testcase> <!-- @AfterSuite ReportFlush -->
  <testcase classname="webPages.BaseClass" name="@BeforeSuite suiteSetup" time="0.0">
    <ignored/>
  </testcase> <!-- @BeforeSuite suiteSetup -->
</testsuite> <!-- Test1 -->
